Command: vcs /groups/ece427-group4/D-PEARL/rtl/hvl/top_tb.sv /groups/ece427-group4/D-PEARL/rtl/hvl/example_sram.v \
/groups/ece427-group4/D-PEARL/rtl/hdl/top.sv -full64 -lca -sverilog -timescale=1ps/1ps \
-debug_acc+all -kdb -debug_access -suppress=LCA_FEATURES_ENABLED -j4 +notimingcheck \
-l top_compile.log -o top_tb
                         Chronologic VCS (TM)
       Version V-2023.12-SP2_Full64 -- Mon Aug  4 15:33:33 2025

                    Copyright (c) 1991 - 2024 Synopsys, Inc.
   This software and the associated documentation are proprietary to Synopsys,
 Inc. This software may only be used in accordance with the terms and conditions
 of a written license agreement with Synopsys, Inc. All other use, reproduction,
   or distribution of this software is strictly prohibited.  Licensed Products
     communicate with Synopsys servers for the purpose of providing software
    updates, detecting software piracy and verifying that customers are using
    Licensed Products in conformity with the applicable License Key for such
  Licensed Products. Synopsys will use information gathered in connection with
    this process to deliver software updates and pursue software pirates and
                                   infringers.

 Inclusivity & Diversity - Visit SolvNetPlus to read the "Synopsys Statement on
            Inclusivity and Diversity" (Refer to article 000036315 at
                        https://solvnetplus.synopsys.com)

Parsing design file '/groups/ece427-group4/D-PEARL/rtl/hvl/top_tb.sv'
Parsing design file '/groups/ece427-group4/D-PEARL/rtl/hvl/example_sram.v'
Parsing design file '/groups/ece427-group4/D-PEARL/rtl/hdl/top.sv'
Top Level Modules:
       top_tb
TimeScale is 1 ps / 1 ps
Starting vcs inline pass...


Note-[VCS_PARAL] Parallel code-gen enabled
  VCS is running with parallel code generation(-j)...

1 module and 0 UDP read.
recompiling module top_tb
make[1]: Entering directory '/groups/ece427-group4/D-PEARL/rtl/vcs/csrc'
rm -f _cuarc*.so _csrc*.so pre_vcsobj_*.so share_vcsobj_*.so
if [ -x ../top_tb ]; then chmod a-x ../top_tb; fi
g++  -o ../top_tb      -rdynamic  -Wl,-rpath='$ORIGIN'/top_tb.daidir -Wl,-rpath=./top_tb.daidir \
-Wl,-rpath=/software/synopsys-2024-06/app/vcs/V-2023.12-SP2/linux64/lib -L/software/synopsys-2024-06/app/vcs/V-2023.12-SP2/linux64/lib \
-Wl,-rpath-link=./  /usr/lib64/libnuma.so.1   objs/amcQw_d.o   _1152155_archive_1.so \
_1156571_archive_1.so   SIM_l.o      rmapats_mop.o rmapats.o rmar.o rmar_nd.o  rmar_llvm_0_1.o \
rmar_llvm_0_0.o            -lvirsim -lerrorinf -lsnpsmalloc -lvfs    -lvcsnew -lsimprofile \
-luclinative /software/synopsys-2024-06/app/vcs/V-2023.12-SP2/linux64/lib/vcs_tls.o \
-Wl,-whole-archive  -lvcsucli    -Wl,-no-whole-archive        _vcs_pli_stub_.o   \
/software/synopsys-2024-06/app/vcs/V-2023.12-SP2/linux64/lib/vcs_save_restore_new.o \
/software/synopsys-2024-06/app/verdi/V-2023.12-SP2/share/PLI/VCS/LINUX64/pli.a -ldl \
-lc -lm -lpthread -ldl 
../top_tb up to date
make[1]: Leaving directory '/groups/ece427-group4/D-PEARL/rtl/vcs/csrc'
CPU time: .957 seconds to compile + .441 seconds to elab + .576 seconds to link
Verdi KDB elaboration done and the database successfully generated: 0 error(s), 0 warning(s)
