\o Program:		@(#)$CDS: libManager version 6.1.8 - CAT37 02/10/2023 14:05 (cpgsrv13) $
\o Sub version:		sub-version  s312 
\o Arguments:		-unmapped -mpssession virtuoso3522865 -mpshost ece-498hk-02.ece.illinois.edu -ADVM 
\o Working Directory:	ece-498hk-02.ece.illinois.edu:/groups/ece427-group4/D-PEARL
\o 64-bit offsets
\o Qt version: 		5.9.1
\o changeWorkingDir("/groups/ece427-group4/D-PEARL") unnecessary.
\o ddSetForcedLib("") unnecessary.
\o Log file is "/groups/ece427-group4/D-PEARL/libManager.log".
\o Opening libManager window.
\a nrSetWindowVisibility(cdsLibManager "show")
\o MPS service: map window
\o Library Manager customization server connected.
\a nrResizeWindow(cdsLibManager list(0 0 602 491))
\a nrSetCurrentWindow(cdsLibManager)
\a nrResizeWindow(cdsLibManager list(0 27 602 491))
\a nrResizeWindow(cdsLibManager list(113 71 602 491))
\a nrSetCurrentWindow(cdsLibManager)
\a nrResizeWindow(cdsLibManager list(388 166 602 491))
\a cdsLibManager->FileNewLibButton->value = t
\a nrSetWindowVisibility(NewLibShell "show")
\a nrResizeWindow(NewLibShell list(426 129 507 559))
\a nrSetCurrentWindow(NewLibShell)
\a nrSetCurrentWindow(NewLibShell->subDialog)
\a NewLibShell->newLibNameText->value = "test"
\a NewLibShell->newLibOKButton->value = t
\a nrSetWindowVisibility(workingDialogForm "show")
\a nrSetCurrentWindow(workingDialogForm)
\a nrResizeWindow(workingDialogForm list(547 342 265 133))
\o Created new library "test" at /groups/ece427-group4/D-PEARL/test.
\a nrSetCurrentWindow(cdsLibManager)
\a nrResizeWindow(workingDialogForm list(547 268 265 133))
\a nrResizeWindow(NewLibShell list(426 55 507 559))
\a nrSetCurrentWindow(cdsLibManager)
\a nrSetCurrentWindow(cdsLibManager)
